# Bad spawns : 9/5/2014 3:52:33 AM
# Format: X Y Z F Name

1014	499	-70	Malas	Auctioner


# Bad spawns : 9/5/2014 3:59:01 AM
# Format: X Y Z F Name

1014	499	-70	Malas	Auctioner


# Bad spawns : 9/5/2014 4:10:34 AM
# Format: X Y Z F Name

1014	499	-70	Malas	Auctioner


# Bad spawns : 9/5/2014 5:07:03 AM
# Format: X Y Z F Name

1014	499	-70	Malas	Auctioner


# Bad spawns : 9/5/2014 5:09:46 AM
# Format: X Y Z F Name

1014	499	-70	Malas	Auctioner


# Bad spawns : 9/5/2014 5:27:34 AM
# Format: X Y Z F Name

1014	499	-70	Malas	Auctioner


# Bad spawns : 9/5/2014 1:27:06 PM
# Format: X Y Z F Name

1014	499	-70	Malas	Auctioner


# Bad spawns : 9/6/2014 4:11:09 AM
# Format: X Y Z F Name

1014	499	-70	Malas	Auctioner


# Bad spawns : 9/7/2014 1:24:00 AM
# Format: X Y Z F Name

1014	499	-70	Malas	Auctioner


# Bad spawns : 9/8/2014 2:01:36 AM
# Format: X Y Z F Name

1014	499	-70	Malas	Auctioner


# Bad spawns : 9/8/2014 7:12:52 PM
# Format: X Y Z F Name

1014	499	-70	Malas	Auctioner


# Bad spawns : 9/9/2014 3:24:59 AM
# Format: X Y Z F Name

1014	499	-70	Malas	Auctioner


# Bad spawns : 9/9/2014 3:25:27 AM
# Format: X Y Z F Name

1014	499	-70	Malas	Auctioner


# Bad spawns : 9/11/2014 11:13:42 PM
# Format: X Y Z F Name

1014	499	-70	Malas	Auctioner


# Bad spawns : 9/17/2014 4:47:25 AM
# Format: X Y Z F Name

1014	499	-70	Malas	Auctioner


# Bad spawns : 9/18/2014 5:25:41 AM
# Format: X Y Z F Name

1014	499	-70	Malas	Auctioner


# Bad spawns : 9/18/2014 5:43:50 AM
# Format: X Y Z F Name

1014	499	-70	Malas	Auctioner


# Bad spawns : 9/19/2014 3:36:50 AM
# Format: X Y Z F Name

1014	499	-70	Malas	Auctioner


# Bad spawns : 9/21/2014 4:43:28 PM
# Format: X Y Z F Name

1014	499	-70	Malas	Auctioner


# Bad spawns : 9/22/2014 9:52:37 PM
# Format: X Y Z F Name

1014	499	-70	Malas	Auctioner


# Bad spawns : 9/23/2014 6:27:42 PM
# Format: X Y Z F Name

1014	499	-70	Malas	Auctioner


# Bad spawns : 9/24/2014 1:08:35 AM
# Format: X Y Z F Name

1014	499	-70	Malas	Auctioner


# Bad spawns : 10/2/2014 3:12:32 AM
# Format: X Y Z F Name

1014	499	-70	Malas	Auctioner


# Bad spawns : 10/2/2014 3:28:40 AM
# Format: X Y Z F Name

1014	499	-70	Malas	Auctioner


# Bad spawns : 10/3/2014 1:51:17 AM
# Format: X Y Z F Name

1014	499	-70	Malas	Auctioner


# Bad spawns : 10/11/2014 4:52:46 PM
# Format: X Y Z F Name

1014	499	-70	Malas	Auctioner


# Bad spawns : 10/12/2014 8:51:56 AM
# Format: X Y Z F Name

1014	499	-70	Malas	Auctioner


# Bad spawns : 10/15/2014 3:47:13 AM
# Format: X Y Z F Name

1014	499	-70	Malas	Auctioner


# Bad spawns : 10/19/2014 7:32:49 PM
# Format: X Y Z F Name

1014	499	-70	Malas	Auctioner


# Bad spawns : 10/19/2014 8:07:00 PM
# Format: X Y Z F Name

1014	499	-70	Malas	Auctioner


# Bad spawns : 10/25/2014 9:01:43 PM
# Format: X Y Z F Name

1014	499	-70	Malas	Auctioner


# Bad spawns : 10/25/2014 9:02:01 PM
# Format: X Y Z F Name

1014	499	-70	Malas	Auctioner


# Bad spawns : 10/25/2014 9:14:15 PM
# Format: X Y Z F Name

1014	499	-70	Malas	Auctioner


# Bad spawns : 10/25/2014 9:53:00 PM
# Format: X Y Z F Name

1014	499	-70	Malas	Auctioner


# Bad spawns : 10/25/2014 9:57:50 PM
# Format: X Y Z F Name

1014	499	-70	Malas	Auctioner


# Bad spawns : 10/26/2014 5:01:08 AM
# Format: X Y Z F Name

1014	499	-70	Malas	Auctioner


# Bad spawns : 10/26/2014 5:04:14 AM
# Format: X Y Z F Name

1014	499	-70	Malas	Auctioner


# Bad spawns : 10/26/2014 5:05:07 AM
# Format: X Y Z F Name

1014	499	-70	Malas	Auctioner


# Bad spawns : 10/26/2014 7:11:37 PM
# Format: X Y Z F Name

1014	499	-70	Malas	Auctioner


# Bad spawns : 10/27/2014 3:44:00 AM
# Format: X Y Z F Name

1014	499	-70	Malas	Auctioner


# Bad spawns : 10/27/2014 3:53:08 AM
# Format: X Y Z F Name

1014	499	-70	Malas	Auctioner


# Bad spawns : 11/2/2014 2:11:50 AM
# Format: X Y Z F Name

1014	499	-70	Malas	Auctioner


# Bad spawns : 11/2/2014 2:34:25 AM
# Format: X Y Z F Name

1014	499	-70	Malas	Auctioner


# Bad spawns : 11/6/2014 5:15:00 AM
# Format: X Y Z F Name

1014	499	-70	Malas	Auctioner


# Bad spawns : 11/15/2014 8:12:33 AM
# Format: X Y Z F Name

1014	499	-70	Malas	Auctioner


# Bad spawns : 11/15/2014 9:43:10 AM
# Format: X Y Z F Name

1014	499	-70	Malas	Auctioner


# Bad spawns : 11/29/2014 7:04:00 PM
# Format: X Y Z F Name

1014	499	-70	Malas	Auctioner


# Bad spawns : 12/1/2014 12:21:42 AM
# Format: X Y Z F Name

1014	499	-70	Malas	Auctioner


# Bad spawns : 12/27/2014 3:01:29 AM
# Format: X Y Z F Name

1014	499	-70	Malas	Auctioner


# Bad spawns : 12/27/2014 3:18:04 AM
# Format: X Y Z F Name

1014	499	-70	Malas	Auctioner


# Bad spawns : 12/27/2014 3:40:35 AM
# Format: X Y Z F Name

1014	499	-70	Malas	Auctioner


# Bad spawns : 12/27/2014 3:51:25 AM
# Format: X Y Z F Name

1014	499	-70	Malas	Auctioner


# Bad spawns : 12/27/2014 4:02:22 AM
# Format: X Y Z F Name

1014	499	-70	Malas	Auctioner


# Bad spawns : 12/27/2014 4:37:12 AM
# Format: X Y Z F Name

1014	499	-70	Malas	Auctioner


# Bad spawns : 12/27/2014 5:35:42 AM
# Format: X Y Z F Name

1014	499	-70	Malas	Auctioner


# Bad spawns : 12/27/2014 5:36:03 AM
# Format: X Y Z F Name

1014	499	-70	Malas	Auctioner


# Bad spawns : 12/27/2014 5:47:43 AM
# Format: X Y Z F Name

1014	499	-70	Malas	Auctioner


# Bad spawns : 12/27/2014 5:50:14 AM
# Format: X Y Z F Name

1014	499	-70	Malas	Auctioner


# Bad spawns : 12/27/2014 6:11:47 AM
# Format: X Y Z F Name

1014	499	-70	Malas	Auctioner


# Bad spawns : 12/27/2014 5:22:46 PM
# Format: X Y Z F Name

1014	499	-70	Malas	Auctioner


# Bad spawns : 12/28/2014 4:03:26 AM
# Format: X Y Z F Name

1014	499	-70	Malas	Auctioner


# Bad spawns : 1/16/2015 4:31:40 AM
# Format: X Y Z F Name

1014	499	-70	Malas	Auctioner


# Bad spawns : 1/17/2015 6:44:28 PM
# Format: X Y Z F Name

1014	499	-70	Malas	Auctioner


# Bad spawns : 1/31/2015 9:53:02 PM
# Format: X Y Z F Name

1014	499	-70	Malas	Auctioner


# Bad spawns : 1/31/2015 10:26:53 PM
# Format: X Y Z F Name

1014	499	-70	Malas	Auctioner


# Bad spawns : 1/31/2015 10:34:34 PM
# Format: X Y Z F Name

1014	499	-70	Malas	Auctioner


# Bad spawns : 1/31/2015 10:43:28 PM
# Format: X Y Z F Name

1014	499	-70	Malas	Auctioner


# Bad spawns : 1/31/2015 10:54:56 PM
# Format: X Y Z F Name

1014	499	-70	Malas	Auctioner


# Bad spawns : 2/1/2015 12:09:10 AM
# Format: X Y Z F Name

1014	499	-70	Malas	Auctioner


# Bad spawns : 2/1/2015 6:58:10 AM
# Format: X Y Z F Name

1014	499	-70	Malas	Auctioner


# Bad spawns : 2/2/2015 7:24:54 AM
# Format: X Y Z F Name

1014	499	-70	Malas	Auctioner


# Bad spawns : 2/2/2015 10:47:40 PM
# Format: X Y Z F Name

1014	499	-70	Malas	Auctioner


# Bad spawns : 2/3/2015 7:22:45 PM
# Format: X Y Z F Name

1014	499	-70	Malas	Auctioner


# Bad spawns : 2/4/2015 12:53:51 AM
# Format: X Y Z F Name

1014	499	-70	Malas	Auctioner


# Bad spawns : 2/6/2015 4:07:58 AM
# Format: X Y Z F Name

1014	499	-70	Malas	Auctioner


# Bad spawns : 2/6/2015 4:46:20 AM
# Format: X Y Z F Name

1014	499	-70	Malas	Auctioner


# Bad spawns : 2/6/2015 4:59:01 AM
# Format: X Y Z F Name

1014	499	-70	Malas	Auctioner


# Bad spawns : 2/6/2015 5:23:22 AM
# Format: X Y Z F Name

1014	499	-70	Malas	Auctioner


# Bad spawns : 2/8/2015 6:11:22 PM
# Format: X Y Z F Name

1014	499	-70	Malas	Auctioner


# Bad spawns : 2/8/2015 6:39:21 PM
# Format: X Y Z F Name

1014	499	-70	Malas	Auctioner


# Bad spawns : 2/9/2015 3:52:44 AM
# Format: X Y Z F Name

1014	499	-70	Malas	Auctioner


# Bad spawns : 2/9/2015 5:17:04 AM
# Format: X Y Z F Name

1014	499	-70	Malas	Auctioner


# Bad spawns : 2/10/2015 2:16:35 AM
# Format: X Y Z F Name

1014	499	-70	Malas	Auctioner


# Bad spawns : 2/10/2015 4:58:32 AM
# Format: X Y Z F Name

1014	499	-70	Malas	Auctioner


# Bad spawns : 2/10/2015 5:02:59 AM
# Format: X Y Z F Name

1014	499	-70	Malas	Auctioner


# Bad spawns : 2/10/2015 5:12:45 AM
# Format: X Y Z F Name

1014	499	-70	Malas	Auctioner


# Bad spawns : 2/11/2015 2:05:57 AM
# Format: X Y Z F Name

1014	499	-70	Malas	Auctioner


# Bad spawns : 2/12/2015 12:20:31 AM
# Format: X Y Z F Name

1014	499	-70	Malas	Auctioner


# Bad spawns : 2/13/2015 4:08:10 AM
# Format: X Y Z F Name

1014	499	-70	Malas	Auctioner


# Bad spawns : 2/13/2015 6:05:22 AM
# Format: X Y Z F Name

1014	499	-70	Malas	Auctioner


# Bad spawns : 2/19/2015 2:34:25 AM
# Format: X Y Z F Name

1014	499	-70	Malas	Auctioner


# Bad spawns : 2/19/2015 11:30:22 PM
# Format: X Y Z F Name

1014	499	-70	Malas	Auctioner


# Bad spawns : 2/20/2015 12:08:54 AM
# Format: X Y Z F Name

1014	499	-70	Malas	Auctioner


# Bad spawns : 2/20/2015 12:10:43 AM
# Format: X Y Z F Name

1014	499	-70	Malas	Auctioner


# Bad spawns : 2/22/2015 8:01:44 AM
# Format: X Y Z F Name

1014	499	-70	Malas	Auctioner


# Bad spawns : 2/27/2015 7:39:00 PM
# Format: X Y Z F Name

1014	499	-70	Malas	Auctioner


# Bad spawns : 2/28/2015 9:35:46 PM
# Format: X Y Z F Name

1014	499	-70	Malas	Auctioner


# Bad spawns : 2/28/2015 11:24:56 PM
# Format: X Y Z F Name

1014	499	-70	Malas	Auctioner


# Bad spawns : 2/28/2015 11:26:13 PM
# Format: X Y Z F Name

1014	499	-70	Malas	Auctioner


# Bad spawns : 3/1/2015 12:47:01 AM
# Format: X Y Z F Name

1014	499	-70	Malas	Auctioner


# Bad spawns : 3/2/2015 2:43:31 PM
# Format: X Y Z F Name

1014	499	-70	Malas	Auctioner


# Bad spawns : 3/2/2015 11:08:45 PM
# Format: X Y Z F Name

1014	499	-70	Malas	Auctioner


# Bad spawns : 3/2/2015 11:19:02 PM
# Format: X Y Z F Name

1014	499	-70	Malas	Auctioner


# Bad spawns : 3/2/2015 11:38:05 PM
# Format: X Y Z F Name

1014	499	-70	Malas	Auctioner


# Bad spawns : 3/2/2015 11:48:02 PM
# Format: X Y Z F Name

1014	499	-70	Malas	Auctioner


# Bad spawns : 3/2/2015 11:54:39 PM
# Format: X Y Z F Name

1014	499	-70	Malas	Auctioner


# Bad spawns : 3/3/2015 3:38:45 AM
# Format: X Y Z F Name

1014	499	-70	Malas	Auctioner


# Bad spawns : 3/11/2015 3:19:39 AM
# Format: X Y Z F Name

1014	499	-70	Malas	Auctioner


# Bad spawns : 3/13/2015 2:46:42 AM
# Format: X Y Z F Name

1014	499	-70	Malas	Auctioner


# Bad spawns : 3/21/2015 6:35:12 PM
# Format: X Y Z F Name

1014	499	-70	Malas	Auctioner


# Bad spawns : 3/21/2015 6:36:03 PM
# Format: X Y Z F Name

1014	499	-70	Malas	Auctioner


# Bad spawns : 3/21/2015 7:34:25 PM
# Format: X Y Z F Name

1014	499	-70	Malas	Auctioner


# Bad spawns : 3/21/2015 7:42:49 PM
# Format: X Y Z F Name

1014	499	-70	Malas	Auctioner


# Bad spawns : 3/21/2015 11:27:06 PM
# Format: X Y Z F Name

1014	499	-70	Malas	Auctioner


# Bad spawns : 3/22/2015 8:50:07 AM
# Format: X Y Z F Name

1014	499	-70	Malas	Auctioner


# Bad spawns : 3/23/2015 1:40:33 AM
# Format: X Y Z F Name

1014	499	-70	Malas	Auctioner


# Bad spawns : 3/23/2015 1:41:03 AM
# Format: X Y Z F Name

1014	499	-70	Malas	Auctioner


# Bad spawns : 3/23/2015 4:47:50 AM
# Format: X Y Z F Name

1014	499	-70	Malas	Auctioner


# Bad spawns : 3/23/2015 5:02:14 AM
# Format: X Y Z F Name

1014	499	-70	Malas	Auctioner


# Bad spawns : 3/23/2015 5:24:50 AM
# Format: X Y Z F Name

1014	499	-70	Malas	Auctioner


# Bad spawns : 3/24/2015 12:00:22 AM
# Format: X Y Z F Name

1014	499	-70	Malas	Auctioner


# Bad spawns : 3/24/2015 1:08:13 AM
# Format: X Y Z F Name

1014	499	-70	Malas	Auctioner


# Bad spawns : 3/24/2015 6:47:54 AM
# Format: X Y Z F Name

1014	499	-70	Malas	Auctioner


# Bad spawns : 3/25/2015 3:09:21 AM
# Format: X Y Z F Name

1014	499	-70	Malas	Auctioner


# Bad spawns : 3/25/2015 3:44:13 AM
# Format: X Y Z F Name

1014	499	-70	Malas	Auctioner


# Bad spawns : 3/25/2015 5:50:50 AM
# Format: X Y Z F Name

1014	499	-70	Malas	Auctioner


# Bad spawns : 3/25/2015 5:51:18 AM
# Format: X Y Z F Name

1014	499	-70	Malas	Auctioner


# Bad spawns : 3/25/2015 10:08:16 PM
# Format: X Y Z F Name

1014	499	-70	Malas	Auctioner


# Bad spawns : 3/26/2015 2:41:40 AM
# Format: X Y Z F Name

1014	499	-70	Malas	Auctioner


# Bad spawns : 3/26/2015 2:51:14 AM
# Format: X Y Z F Name

1014	499	-70	Malas	Auctioner


# Bad spawns : 3/26/2015 3:50:12 AM
# Format: X Y Z F Name

1014	499	-70	Malas	Auctioner


# Bad spawns : 3/26/2015 10:09:18 PM
# Format: X Y Z F Name

1014	499	-70	Malas	Auctioner


# Bad spawns : 3/26/2015 10:30:54 PM
# Format: X Y Z F Name

1014	499	-70	Malas	Auctioner


# Bad spawns : 3/26/2015 10:48:19 PM
# Format: X Y Z F Name

1014	499	-70	Malas	Auctioner


# Bad spawns : 3/26/2015 11:16:30 PM
# Format: X Y Z F Name

1014	499	-70	Malas	Auctioner


# Bad spawns : 3/26/2015 11:21:15 PM
# Format: X Y Z F Name

1014	499	-70	Malas	Auctioner


# Bad spawns : 3/26/2015 11:28:21 PM
# Format: X Y Z F Name

1014	499	-70	Malas	Auctioner


# Bad spawns : 3/27/2015 12:41:24 AM
# Format: X Y Z F Name

1014	499	-70	Malas	Auctioner


# Bad spawns : 3/27/2015 5:41:28 PM
# Format: X Y Z F Name

1014	499	-70	Malas	Auctioner


# Bad spawns : 3/27/2015 5:42:41 PM
# Format: X Y Z F Name

1014	499	-70	Malas	Auctioner


# Bad spawns : 3/27/2015 5:45:25 PM
# Format: X Y Z F Name

1014	499	-70	Malas	Auctioner


# Bad spawns : 3/27/2015 5:47:58 PM
# Format: X Y Z F Name

1014	499	-70	Malas	Auctioner


# Bad spawns : 3/28/2015 9:07:35 AM
# Format: X Y Z F Name

1014	499	-70	Malas	Auctioner


# Bad spawns : 3/28/2015 9:08:01 AM
# Format: X Y Z F Name

1014	499	-70	Malas	Auctioner


# Bad spawns : 3/29/2015 4:48:54 PM
# Format: X Y Z F Name

1014	499	-70	Malas	Auctioner


# Bad spawns : 3/29/2015 8:33:44 PM
# Format: X Y Z F Name

1014	499	-70	Malas	Auctioner


# Bad spawns : 3/30/2015 3:26:16 AM
# Format: X Y Z F Name

1014	499	-70	Malas	Auctioner


# Bad spawns : 3/30/2015 3:44:29 AM
# Format: X Y Z F Name

1014	499	-70	Malas	Auctioner


# Bad spawns : 3/30/2015 4:08:38 AM
# Format: X Y Z F Name

1014	499	-70	Malas	Auctioner


# Bad spawns : 4/4/2015 7:42:30 PM
# Format: X Y Z F Name

1014	499	-70	Malas	Auctioner


# Bad spawns : 4/4/2015 7:43:14 PM
# Format: X Y Z F Name

1014	499	-70	Malas	Auctioner


# Bad spawns : 4/4/2015 7:50:43 PM
# Format: X Y Z F Name

1014	499	-70	Malas	Auctioner


# Bad spawns : 4/4/2015 7:51:55 PM
# Format: X Y Z F Name

1014	499	-70	Malas	Auctioner


# Bad spawns : 4/4/2015 7:52:30 PM
# Format: X Y Z F Name

1014	499	-70	Malas	Auctioner


# Bad spawns : 4/4/2015 7:53:44 PM
# Format: X Y Z F Name

1014	499	-70	Malas	Auctioner


# Bad spawns : 4/4/2015 8:07:10 PM
# Format: X Y Z F Name

1014	499	-70	Malas	Auctioner


# Bad spawns : 4/4/2015 8:09:04 PM
# Format: X Y Z F Name

1014	499	-70	Malas	Auctioner


# Bad spawns : 4/4/2015 8:12:40 PM
# Format: X Y Z F Name

1014	499	-70	Malas	Auctioner


# Bad spawns : 4/4/2015 8:17:12 PM
# Format: X Y Z F Name

1014	499	-70	Malas	Auctioner


# Bad spawns : 4/4/2015 8:18:47 PM
# Format: X Y Z F Name

1014	499	-70	Malas	Auctioner


# Bad spawns : 4/4/2015 8:20:01 PM
# Format: X Y Z F Name

1014	499	-70	Malas	Auctioner


# Bad spawns : 4/4/2015 8:27:07 PM
# Format: X Y Z F Name

1014	499	-70	Malas	Auctioner


# Bad spawns : 4/4/2015 8:29:38 PM
# Format: X Y Z F Name

1014	499	-70	Malas	Auctioner


# Bad spawns : 4/5/2015 1:14:42 AM
# Format: X Y Z F Name

1014	499	-70	Malas	Auctioner


# Bad spawns : 4/5/2015 2:39:49 AM
# Format: X Y Z F Name

1014	499	-70	Malas	Auctioner


# Bad spawns : 4/5/2015 2:41:39 AM
# Format: X Y Z F Name

1014	499	-70	Malas	Auctioner


# Bad spawns : 4/5/2015 2:54:00 AM
# Format: X Y Z F Name

1014	499	-70	Malas	Auctioner


# Bad spawns : 4/5/2015 4:42:29 AM
# Format: X Y Z F Name

1014	499	-70	Malas	Auctioner


# Bad spawns : 4/5/2015 4:44:00 AM
# Format: X Y Z F Name

1014	499	-70	Malas	Auctioner


# Bad spawns : 4/5/2015 5:26:45 AM
# Format: X Y Z F Name

1014	499	-70	Malas	Auctioner


# Bad spawns : 4/5/2015 6:50:03 PM
# Format: X Y Z F Name

1014	499	-70	Malas	Auctioner


# Bad spawns : 4/5/2015 11:48:46 PM
# Format: X Y Z F Name

1014	499	-70	Malas	Auctioner


# Bad spawns : 4/7/2015 1:40:34 AM
# Format: X Y Z F Name

1014	499	-70	Malas	Auctioner


# Bad spawns : 4/7/2015 4:49:40 AM
# Format: X Y Z F Name

1014	499	-70	Malas	Auctioner


# Bad spawns : 4/10/2015 11:36:27 PM
# Format: X Y Z F Name

1014	499	-70	Malas	Auctioner


# Bad spawns : 4/10/2015 11:36:27 PM
# Format: X Y Z F Name

1235	543	-15	Ilshenar	FortuneTeller
1407	428	-6	Ilshenar	FortuneTeller
1394	441	14	Ilshenar	FortuneTeller


# Bad spawns : 4/11/2015 4:05:52 AM
# Format: X Y Z F Name

1014	499	-70	Malas	Auctioner


# Bad spawns : 4/11/2015 4:05:52 AM
# Format: X Y Z F Name

1235	543	-15	Ilshenar	FortuneTeller
1407	428	-6	Ilshenar	FortuneTeller
1394	441	14	Ilshenar	FortuneTeller


# Bad spawns : 4/11/2015 4:59:46 AM
# Format: X Y Z F Name

1235	543	-15	Ilshenar	FortuneTeller
1407	428	-6	Ilshenar	FortuneTeller
1394	441	14	Ilshenar	FortuneTeller


# Bad spawns : 4/11/2015 4:59:46 AM
# Format: X Y Z F Name

1014	499	-70	Malas	Auctioner


# Bad spawns : 4/11/2015 5:03:47 AM
# Format: X Y Z F Name

1235	543	-15	Ilshenar	FortuneTeller
1407	428	-6	Ilshenar	FortuneTeller
1394	441	14	Ilshenar	FortuneTeller


# Bad spawns : 4/11/2015 5:03:47 AM
# Format: X Y Z F Name

1014	499	-70	Malas	Auctioner


# Bad spawns : 4/11/2015 5:24:47 AM
# Format: X Y Z F Name

1235	543	-15	Ilshenar	FortuneTeller
1407	428	-6	Ilshenar	FortuneTeller
1394	441	14	Ilshenar	FortuneTeller


# Bad spawns : 4/11/2015 5:24:47 AM
# Format: X Y Z F Name

1014	499	-70	Malas	Auctioner


# Bad spawns : 4/11/2015 2:59:09 PM
# Format: X Y Z F Name

1235	543	-15	Ilshenar	FortuneTeller
1407	428	-6	Ilshenar	FortuneTeller
1394	441	14	Ilshenar	FortuneTeller


# Bad spawns : 4/11/2015 2:59:09 PM
# Format: X Y Z F Name

1014	499	-70	Malas	Auctioner


# Bad spawns : 4/11/2015 8:51:15 PM
# Format: X Y Z F Name

1235	543	-15	Ilshenar	FortuneTeller
1407	428	-6	Ilshenar	FortuneTeller
1394	441	14	Ilshenar	FortuneTeller


# Bad spawns : 4/11/2015 8:51:15 PM
# Format: X Y Z F Name

1014	499	-70	Malas	Auctioner


# Bad spawns : 4/12/2015 4:50:15 PM
# Format: X Y Z F Name

1235	543	-15	Ilshenar	FortuneTeller
1407	428	-6	Ilshenar	FortuneTeller
1394	441	14	Ilshenar	FortuneTeller


# Bad spawns : 4/12/2015 4:50:15 PM
# Format: X Y Z F Name

1014	499	-70	Malas	Auctioner


# Bad spawns : 4/13/2015 2:55:36 PM
# Format: X Y Z F Name

1235	543	-15	Ilshenar	FortuneTeller
1407	428	-6	Ilshenar	FortuneTeller
1394	441	14	Ilshenar	FortuneTeller


# Bad spawns : 4/13/2015 2:55:36 PM
# Format: X Y Z F Name

1014	499	-70	Malas	Auctioner


# Bad spawns : 4/13/2015 10:00:00 PM
# Format: X Y Z F Name

1235	543	-15	Ilshenar	FortuneTeller
1407	428	-6	Ilshenar	FortuneTeller
1394	441	14	Ilshenar	FortuneTeller


# Bad spawns : 4/13/2015 10:00:00 PM
# Format: X Y Z F Name

1014	499	-70	Malas	Auctioner


# Bad spawns : 4/13/2015 11:25:02 PM
# Format: X Y Z F Name

1235	543	-15	Ilshenar	FortuneTeller
1407	428	-6	Ilshenar	FortuneTeller
1394	441	14	Ilshenar	FortuneTeller


# Bad spawns : 4/13/2015 11:25:02 PM
# Format: X Y Z F Name

1014	499	-70	Malas	Auctioner


# Bad spawns : 4/15/2015 12:25:49 AM
# Format: X Y Z F Name

1235	543	-15	Ilshenar	FortuneTeller
1407	428	-6	Ilshenar	FortuneTeller
1394	441	14	Ilshenar	FortuneTeller


# Bad spawns : 4/15/2015 12:25:49 AM
# Format: X Y Z F Name

1014	499	-70	Malas	Auctioner


# Bad spawns : 4/15/2015 4:49:31 AM
# Format: X Y Z F Name

1235	543	-15	Ilshenar	FortuneTeller
1407	428	-6	Ilshenar	FortuneTeller
1394	441	14	Ilshenar	FortuneTeller


# Bad spawns : 4/15/2015 4:49:31 AM
# Format: X Y Z F Name

1014	499	-70	Malas	Auctioner


# Bad spawns : 4/15/2015 2:06:17 PM
# Format: X Y Z F Name

1235	543	-15	Ilshenar	FortuneTeller
1407	428	-6	Ilshenar	FortuneTeller
1394	441	14	Ilshenar	FortuneTeller


# Bad spawns : 4/15/2015 2:06:17 PM
# Format: X Y Z F Name

1014	499	-70	Malas	Auctioner


# Bad spawns : 4/15/2015 11:43:41 PM
# Format: X Y Z F Name

1235	543	-15	Ilshenar	FortuneTeller
1407	428	-6	Ilshenar	FortuneTeller
1394	441	14	Ilshenar	FortuneTeller


# Bad spawns : 4/15/2015 11:43:41 PM
# Format: X Y Z F Name

1014	499	-70	Malas	Auctioner


# Bad spawns : 4/17/2015 2:30:59 PM
# Format: X Y Z F Name

1235	543	-15	Ilshenar	FortuneTeller
1407	428	-6	Ilshenar	FortuneTeller
1394	441	14	Ilshenar	FortuneTeller


# Bad spawns : 4/17/2015 2:30:59 PM
# Format: X Y Z F Name

1014	499	-70	Malas	Auctioner


# Bad spawns : 4/18/2015 5:56:33 AM
# Format: X Y Z F Name

1235	543	-15	Ilshenar	FortuneTeller
1407	428	-6	Ilshenar	FortuneTeller
1394	441	14	Ilshenar	FortuneTeller


# Bad spawns : 4/18/2015 5:56:33 AM
# Format: X Y Z F Name

1014	499	-70	Malas	Auctioner


# Bad spawns : 4/18/2015 7:13:36 AM
# Format: X Y Z F Name

1235	543	-15	Ilshenar	FortuneTeller
1407	428	-6	Ilshenar	FortuneTeller
1394	441	14	Ilshenar	FortuneTeller


# Bad spawns : 4/18/2015 7:13:37 AM
# Format: X Y Z F Name

1014	499	-70	Malas	Auctioner


# Bad spawns : 4/18/2015 7:22:36 AM
# Format: X Y Z F Name

1235	543	-15	Ilshenar	FortuneTeller
1407	428	-6	Ilshenar	FortuneTeller
1394	441	14	Ilshenar	FortuneTeller


# Bad spawns : 4/18/2015 7:22:36 AM
# Format: X Y Z F Name

1014	499	-70	Malas	Auctioner


# Bad spawns : 4/18/2015 7:29:40 AM
# Format: X Y Z F Name

1235	543	-15	Ilshenar	FortuneTeller
1407	428	-6	Ilshenar	FortuneTeller
1394	441	14	Ilshenar	FortuneTeller


# Bad spawns : 4/18/2015 7:29:40 AM
# Format: X Y Z F Name

1014	499	-70	Malas	Auctioner


# Bad spawns : 4/19/2015 4:10:29 PM
# Format: X Y Z F Name

1235	543	-15	Ilshenar	FortuneTeller
1407	428	-6	Ilshenar	FortuneTeller
1394	441	14	Ilshenar	FortuneTeller


# Bad spawns : 4/19/2015 4:10:29 PM
# Format: X Y Z F Name

1014	499	-70	Malas	Auctioner


# Bad spawns : 4/23/2015 6:29:16 AM
# Format: X Y Z F Name

1235	543	-15	Ilshenar	FortuneTeller
1407	428	-6	Ilshenar	FortuneTeller
1394	441	14	Ilshenar	FortuneTeller


# Bad spawns : 4/23/2015 6:29:16 AM
# Format: X Y Z F Name

1014	499	-70	Malas	Auctioner


# Bad spawns : 4/23/2015 7:16:36 AM
# Format: X Y Z F Name

1235	543	-15	Ilshenar	FortuneTeller
1407	428	-6	Ilshenar	FortuneTeller
1394	441	14	Ilshenar	FortuneTeller


# Bad spawns : 4/23/2015 7:16:36 AM
# Format: X Y Z F Name

1014	499	-70	Malas	Auctioner


# Bad spawns : 4/25/2015 9:44:33 PM
# Format: X Y Z F Name

1235	543	-15	Ilshenar	FortuneTeller
1407	428	-6	Ilshenar	FortuneTeller
1394	441	14	Ilshenar	FortuneTeller


# Bad spawns : 4/25/2015 9:44:33 PM
# Format: X Y Z F Name

1014	499	-70	Malas	Auctioner


# Bad spawns : 5/5/2015 4:17:46 AM
# Format: X Y Z F Name

1235	543	-15	Ilshenar	FortuneTeller
1407	428	-6	Ilshenar	FortuneTeller
1394	441	14	Ilshenar	FortuneTeller


# Bad spawns : 5/5/2015 4:17:46 AM
# Format: X Y Z F Name

1014	499	-70	Malas	Auctioner


# Bad spawns : 5/15/2015 3:09:06 AM
# Format: X Y Z F Name

1235	543	-15	Ilshenar	FortuneTeller
1407	428	-6	Ilshenar	FortuneTeller
1394	441	14	Ilshenar	FortuneTeller


# Bad spawns : 5/15/2015 3:09:06 AM
# Format: X Y Z F Name

1014	499	-70	Malas	Auctioner


# Bad spawns : 5/15/2015 3:50:45 AM
# Format: X Y Z F Name

1235	543	-15	Ilshenar	FortuneTeller
1407	428	-6	Ilshenar	FortuneTeller
1394	441	14	Ilshenar	FortuneTeller


# Bad spawns : 5/15/2015 3:50:45 AM
# Format: X Y Z F Name

1014	499	-70	Malas	Auctioner


# Bad spawns : 5/15/2015 4:42:25 AM
# Format: X Y Z F Name

1235	543	-15	Ilshenar	FortuneTeller
1407	428	-6	Ilshenar	FortuneTeller
1394	441	14	Ilshenar	FortuneTeller


# Bad spawns : 5/15/2015 4:42:25 AM
# Format: X Y Z F Name

1014	499	-70	Malas	Auctioner


# Bad spawns : 5/15/2015 5:50:16 AM
# Format: X Y Z F Name

1235	543	-15	Ilshenar	FortuneTeller
1407	428	-6	Ilshenar	FortuneTeller
1394	441	14	Ilshenar	FortuneTeller


# Bad spawns : 5/15/2015 5:50:16 AM
# Format: X Y Z F Name

1014	499	-70	Malas	Auctioner


# Bad spawns : 6/6/2015 5:39:37 AM
# Format: X Y Z F Name

1014	499	-70	Malas	Auctioner


# Bad spawns : 6/6/2015 5:44:16 AM
# Format: X Y Z F Name

1014	499	-70	Malas	Auctioner


# Bad spawns : 6/6/2015 5:57:06 AM
# Format: X Y Z F Name

1014	499	-70	Malas	Auctioner


# Bad spawns : 6/6/2015 7:58:42 PM
# Format: X Y Z F Name

1014	499	-70	Malas	Auctioner


# Bad spawns : 6/6/2015 9:27:23 PM
# Format: X Y Z F Name

1014	499	-70	Malas	Auctioner


# Bad spawns : 6/7/2015 12:16:58 AM
# Format: X Y Z F Name

1014	499	-70	Malas	Auctioner


# Bad spawns : 6/7/2015 1:03:15 AM
# Format: X Y Z F Name

1014	499	-70	Malas	Auctioner


# Bad spawns : 6/7/2015 1:05:56 AM
# Format: X Y Z F Name

1014	499	-70	Malas	Auctioner


# Bad spawns : 6/7/2015 1:07:25 AM
# Format: X Y Z F Name

1014	499	-70	Malas	Auctioner


