# 9/9/2014 2:13:02 AM
   at Server.Mobile.Delta(MobileDelta flag)
   at Server.Mobiles.PlayerMobile.Delta(MobileDelta flag)
   at Server.Skills.OnSkillChange(Skill skill)
   at Server.Mobile.ValidateSkillMods()
   at Server.Mobile.RemoveSkillMod(SkillMod mod)
   at Server.Mobile.InternalRemoveSkillMod(SkillMod mod)
   at Server.Mobile.ValidateSkillMods()
   at Server.Mobile.RemoveSkillMod(SkillMod mod)
   at Server.Mobile.InternalRemoveSkillMod(SkillMod mod)
   at Server.Mobile.ValidateSkillMods()
   at Server.Mobile.RemoveSkillMod(SkillMod mod)
   at Server.Mobile.InternalRemoveSkillMod(SkillMod mod)
   at Server.Mobile.ValidateSkillMods()
   at Server.Mobile.RemoveSkillMod(SkillMod mod)
   at Server.Mobile.InternalRemoveSkillMod(SkillMod mod)
   at Server.Mobile.ValidateSkillMods()
   at Server.Mobile.RemoveSkillMod(SkillMod mod)
   at Server.Mobile.InternalRemoveSkillMod(SkillMod mod)
   at Server.Mobile.ValidateSkillMods()
   at Server.Mobile.RemoveSkillMod(SkillMod mod)
   at Server.Mobile.InternalRemoveSkillMod(SkillMod mod)
   at Server.Mobile.ValidateSkillMods()
   at Server.Mobile.RemoveSkillMod(SkillMod mod)
   at Server.Mobile.InternalRemoveSkillMod(SkillMod mod)
   at Server.Mobile.ValidateSkillMods()
   at Server.Mobile.RemoveSkillMod(SkillMod mod)
   at Server.Mobile.InternalRemoveSkillMod(SkillMod mod)
   at Server.Mobile.ValidateSkillMods()
   at Server.Mobile.RemoveSkillMod(SkillMod mod)
   at Server.Mobile.InternalRemoveSkillMod(SkillMod mod)
   at Server.Mobile.ValidateSkillMods()
   at Server.Mobile.RemoveSkillMod(SkillMod mod)
   at Server.Mobile.InternalRemoveSkillMod(SkillMod mod)
   at Server.Mobile.ValidateSkillMods()
   at Server.Mobile.RemoveSkillMod(SkillMod mod)
   at Server.Mobile.InternalRemoveSkillMod(SkillMod mod)
   at Server.Mobile.ValidateSkillMods()
   at Server.Mobile.RemoveSkillMod(SkillMod mod)
   at Server.Mobile.InternalRemoveSkillMod(SkillMod mod)
   at Server.Mobile.ValidateSkillMods()
   at Server.Mobile.RemoveSkillMod(SkillMod mod)
   at Server.Mobile.InternalRemoveSkillMod(SkillMod mod)
   at Server.Mobile.ValidateSkillMods()
   at Server.Mobile.RemoveSkillMod(SkillMod mod)
   at Server.Mobile.InternalRemoveSkillMod(SkillMod mod)
   at Server.Mobile.ValidateSkillMods()
   at Server.Mobile.RemoveSkillMod(SkillMod mod)
   at Server.Mobile.InternalRemoveSkillMod(SkillMod mod)
   at Server.Mobile.ValidateSkillMods()
   at Server.Mobile.RemoveSkillMod(SkillMod mod)
   at Server.Mobile.InternalRemoveSkillMod(SkillMod mod)
   at Server.Mobile.ValidateSkillMods()
   at Server.Mobile.RemoveSkillMod(SkillMod mod)
   at Server.Mobile.InternalRemoveSkillMod(SkillMod mod)
   at Server.Mobile.ValidateSkillMods()
   at Server.Mobile.RemoveSkillMod(SkillMod mod)
   at Server.Mobile.InternalRemoveSkillMod(SkillMod mod)
   at Server.Mobile.ValidateSkillMods()
   at Server.Mobile.RemoveSkillMod(SkillMod mod)
   at Server.Mobile.InternalRemoveSkillMod(SkillMod mod)
   at Server.Mobile.ValidateSkillMods()
   at Server.Mobile.RemoveSkillMod(SkillMod mod)
   at Server.Mobile.InternalRemoveSkillMod(SkillMod mod)
   at Server.Mobile.ValidateSkillMods()
   at Server.Mobile.RemoveSkillMod(SkillMod mod)
   at Server.Mobile.InternalRemoveSkillMod(SkillMod mod)
   at Server.Mobile.ValidateSkillMods()
   at Server.Mobile.RemoveSkillMod(SkillMod mod)
   at Server.Mobile.InternalRemoveSkillMod(SkillMod mod)
   at Server.Mobile.ValidateSkillMods()
   at Server.Mobile.RemoveSkillMod(SkillMod mod)
   at Server.Mobile.InternalRemoveSkillMod(SkillMod mod)
   at Server.Mobile.ValidateSkillMods()
   at Server.Mobile.RemoveSkillMod(SkillMod mod)
   at Server.Mobile.InternalRemoveSkillMod(SkillMod mod)
   at Server.Mobile.ValidateSkillMods()
   at Server.Mobile.RemoveSkillMod(SkillMod mod)
   at Server.Mobile.InternalRemoveSkillMod(SkillMod mod)
   at Server.Mobile.ValidateSkillMods()
   at Server.Mobile.RemoveSkillMod(SkillMod mod)
   at Server.Mobile.InternalRemoveSkillMod(SkillMod mod)
   at Server.Mobile.ValidateSkillMods()
   at Server.Skill.get_NonRacialValue()
   at Server.Skill.get_Value()
   at Server.Items.BaseWeapon.ScaleDamageAOS(Mobile attacker, Double damage, Boolean checkSkills)
   at Server.Items.BaseWeapon.GetStatusDamage(Mobile from, Int32& min, Int32& max)
   at Server.Network.MobileStatusExtended..ctor(Mobile m, NetState ns)
   at Server.Mobile.ProcessDelta()
   at Server.Mobile.ProcessDeltaQueue()
   at Server.Core.Main(String[] args)


# 3/4/2015 2:44:33 AM
   at Server.Mobile.Delta(MobileDelta flag)
   at Server.Mobiles.PlayerMobile.Delta(MobileDelta flag)
   at Server.Mobile.GetStatOffset(StatType type)
   at Server.Mobiles.PlayerMobile.get_HitsMax()
   at Server.Network.MobileStatusExtended..ctor(Mobile m, NetState ns)
   at Server.Mobile.ProcessDelta()
   at Server.Mobile.ProcessDeltaQueue()
   at Server.Core.Main(String[] args)


# 3/4/2015 3:57:38 PM
   at Server.Mobile.Delta(MobileDelta flag)
   at Server.Mobiles.PlayerMobile.Delta(MobileDelta flag)
   at Server.Mobile.GetStatOffset(StatType type)
   at Server.Mobiles.PlayerMobile.get_HitsMax()
   at Server.Network.MobileStatusExtended..ctor(Mobile m, NetState ns)
   at Server.Mobile.ProcessDelta()
   at Server.Mobile.ProcessDeltaQueue()
   at Server.Core.Main(String[] args)


# 3/4/2015 9:04:50 PM
   at Server.Mobile.Delta(MobileDelta flag)
   at Server.Mobiles.PlayerMobile.Delta(MobileDelta flag)
   at Server.Mobile.GetStatOffset(StatType type)
   at Server.Mobiles.PlayerMobile.get_HitsMax()
   at Server.Network.MobileStatusExtended..ctor(Mobile m, NetState ns)
   at Server.Mobile.ProcessDelta()
   at Server.Mobile.ProcessDeltaQueue()
   at Server.Core.Main(String[] args)


# 3/5/2015 1:53:26 AM
   at Server.Mobile.Delta(MobileDelta flag)
   at Server.Mobiles.PlayerMobile.Delta(MobileDelta flag)
   at Server.Mobile.GetStatOffset(StatType type)
   at Server.Mobiles.PlayerMobile.get_HitsMax()
   at Server.Network.MobileStatusExtended..ctor(Mobile m, NetState ns)
   at Server.Mobile.ProcessDelta()
   at Server.Mobile.ProcessDeltaQueue()
   at Server.Core.Main(String[] args)


# 3/5/2015 1:57:12 AM
   at Server.Mobile.Delta(MobileDelta flag)
   at Server.Mobiles.PlayerMobile.Delta(MobileDelta flag)
   at Server.Mobile.GetStatOffset(StatType type)
   at Server.Mobiles.PlayerMobile.get_HitsMax()
   at Server.Network.MobileStatusExtended..ctor(Mobile m, NetState ns)
   at Server.Mobile.ProcessDelta()
   at Server.Mobile.ProcessDeltaQueue()
   at Server.Core.Main(String[] args)


# 3/5/2015 4:31:54 PM
   at Server.Mobile.Delta(MobileDelta flag)
   at Server.Mobiles.PlayerMobile.Delta(MobileDelta flag)
   at Server.Mobile.GetStatOffset(StatType type)
   at Server.Mobiles.PlayerMobile.get_HitsMax()
   at Server.Network.MobileStatusExtended..ctor(Mobile m, NetState ns)
   at Server.Mobile.ProcessDelta()
   at Server.Mobile.ProcessDeltaQueue()
   at Server.Core.Main(String[] args)


# 3/5/2015 8:08:44 PM
   at Server.Mobile.Delta(MobileDelta flag)
   at Server.Mobiles.PlayerMobile.Delta(MobileDelta flag)
   at Server.Mobile.GetStatOffset(StatType type)
   at Server.Mobiles.PlayerMobile.get_HitsMax()
   at Server.Network.MobileStatusExtended..ctor(Mobile m, NetState ns)
   at Server.Mobile.ProcessDelta()
   at Server.Mobile.ProcessDeltaQueue()
   at Server.Core.Main(String[] args)


# 3/5/2015 8:44:11 PM
   at Server.Mobile.Delta(MobileDelta flag)
   at Server.Mobiles.PlayerMobile.Delta(MobileDelta flag)
   at Server.Mobile.GetStatOffset(StatType type)
   at Server.Mobiles.PlayerMobile.get_HitsMax()
   at Server.Network.MobileStatusExtended..ctor(Mobile m, NetState ns)
   at Server.Mobile.ProcessDelta()
   at Server.Mobile.ProcessDeltaQueue()
   at Server.Core.Main(String[] args)


# 3/7/2015 3:14:02 AM
   at Server.Mobile.Delta(MobileDelta flag)
   at Server.Mobiles.PlayerMobile.Delta(MobileDelta flag)
   at Server.Mobile.GetStatOffset(StatType type)
   at Server.Mobiles.PlayerMobile.get_HitsMax()
   at Server.Network.MobileStatusExtended..ctor(Mobile m, NetState ns)
   at Server.Mobile.ProcessDelta()
   at Server.Mobile.ProcessDeltaQueue()
   at Server.Core.Main(String[] args)


# 3/7/2015 3:41:21 PM
   at Server.Mobile.Delta(MobileDelta flag)
   at Server.Mobiles.PlayerMobile.Delta(MobileDelta flag)
   at Server.Mobile.GetStatOffset(StatType type)
   at Server.Mobiles.PlayerMobile.get_HitsMax()
   at Server.Network.MobileStatusExtended..ctor(Mobile m, NetState ns)
   at Server.Mobile.ProcessDelta()
   at Server.Mobile.ProcessDeltaQueue()
   at Server.Core.Main(String[] args)


# 3/7/2015 4:15:13 PM
   at Server.Mobile.Delta(MobileDelta flag)
   at Server.Mobiles.PlayerMobile.Delta(MobileDelta flag)
   at Server.Mobile.GetStatOffset(StatType type)
   at Server.Mobiles.PlayerMobile.get_HitsMax()
   at Server.Network.MobileStatusExtended..ctor(Mobile m, NetState ns)
   at Server.Mobile.ProcessDelta()
   at Server.Mobile.ProcessDeltaQueue()
   at Server.Core.Main(String[] args)


# 3/7/2015 8:25:08 PM
   at Server.Mobile.Delta(MobileDelta flag)
   at Server.Mobiles.PlayerMobile.Delta(MobileDelta flag)
   at Server.Mobile.GetStatOffset(StatType type)
   at Server.Mobiles.PlayerMobile.get_HitsMax()
   at Server.Network.MobileStatusExtended..ctor(Mobile m, NetState ns)
   at Server.Mobile.ProcessDelta()
   at Server.Mobile.ProcessDeltaQueue()
   at Server.Core.Main(String[] args)


# 3/7/2015 8:33:15 PM
   at Server.Mobile.Delta(MobileDelta flag)
   at Server.Mobiles.PlayerMobile.Delta(MobileDelta flag)
   at Server.Mobile.GetStatOffset(StatType type)
   at Server.Mobiles.PlayerMobile.get_HitsMax()
   at Server.Network.MobileStatusExtended..ctor(Mobile m, NetState ns)
   at Server.Mobile.ProcessDelta()
   at Server.Mobile.ProcessDeltaQueue()
   at Server.Core.Main(String[] args)


# 3/8/2015 5:39:17 PM
   at Server.Mobile.Delta(MobileDelta flag)
   at Server.Mobiles.PlayerMobile.Delta(MobileDelta flag)
   at Server.Mobile.GetStatOffset(StatType type)
   at Server.Mobiles.PlayerMobile.get_HitsMax()
   at Server.Network.MobileStatusExtended..ctor(Mobile m, NetState ns)
   at Server.Mobile.ProcessDelta()
   at Server.Mobile.ProcessDeltaQueue()
   at Server.Core.Main(String[] args)


# 3/9/2015 12:00:11 AM
   at Server.Mobile.Delta(MobileDelta flag)
   at Server.Mobiles.PlayerMobile.Delta(MobileDelta flag)
   at Server.Mobile.GetStatOffset(StatType type)
   at Server.Mobiles.PlayerMobile.get_HitsMax()
   at Server.Network.MobileStatusExtended..ctor(Mobile m, NetState ns)
   at Server.Mobile.ProcessDelta()
   at Server.Mobile.ProcessDeltaQueue()
   at Server.Core.Main(String[] args)


# 3/9/2015 12:50:52 PM
   at Server.Mobile.Delta(MobileDelta flag)
   at Server.Mobiles.PlayerMobile.Delta(MobileDelta flag)
   at Server.Mobile.GetStatOffset(StatType type)
   at Server.Mobiles.PlayerMobile.get_HitsMax()
   at Server.Network.MobileStatusExtended..ctor(Mobile m, NetState ns)
   at Server.Mobile.ProcessDelta()
   at Server.Mobile.ProcessDeltaQueue()
   at Server.Core.Main(String[] args)


# 3/9/2015 12:55:11 PM
   at Server.Mobile.Delta(MobileDelta flag)
   at Server.Mobiles.PlayerMobile.Delta(MobileDelta flag)
   at Server.Mobile.GetStatOffset(StatType type)
   at Server.Mobiles.PlayerMobile.get_HitsMax()
   at Server.Network.MobileStatusExtended..ctor(Mobile m, NetState ns)
   at Server.Mobile.ProcessDelta()
   at Server.Mobile.ProcessDeltaQueue()
   at Server.Core.Main(String[] args)


# 3/10/2015 12:52:44 AM
   at Server.Mobile.Delta(MobileDelta flag)
   at Server.Mobiles.PlayerMobile.Delta(MobileDelta flag)
   at Server.Mobile.GetStatOffset(StatType type)
   at Server.Mobiles.PlayerMobile.get_HitsMax()
   at Server.Network.MobileStatusExtended..ctor(Mobile m, NetState ns)
   at Server.Mobile.ProcessDelta()
   at Server.Mobile.ProcessDeltaQueue()
   at Server.Core.Main(String[] args)


# 3/10/2015 8:58:37 PM
   at Server.Mobile.Delta(MobileDelta flag)
   at Server.Mobiles.PlayerMobile.Delta(MobileDelta flag)
   at Server.Mobile.GetStatOffset(StatType type)
   at Server.Mobiles.PlayerMobile.get_HitsMax()
   at Server.Network.MobileStatusExtended..ctor(Mobile m, NetState ns)
   at Server.Mobile.ProcessDelta()
   at Server.Mobile.ProcessDeltaQueue()
   at Server.Core.Main(String[] args)


# 3/12/2015 4:56:02 AM
   at Server.Mobile.Delta(MobileDelta flag)
   at Server.Mobiles.PlayerMobile.Delta(MobileDelta flag)
   at Server.Mobile.GetStatOffset(StatType type)
   at Server.Mobiles.PlayerMobile.get_HitsMax()
   at Server.Network.MobileStatusExtended..ctor(Mobile m, NetState ns)
   at Server.Mobile.ProcessDelta()
   at Server.Mobile.ProcessDeltaQueue()
   at Server.Core.Main(String[] args)


# 3/28/2015 4:31:12 PM
   at Server.Mobile.Delta(MobileDelta flag)
   at Server.Mobiles.PlayerMobile.Delta(MobileDelta flag)
   at Server.Mobile.GetStatOffset(StatType type)
   at Server.Mobiles.PlayerMobile.get_HitsMax()
   at Server.Network.MobileStatusExtended..ctor(Mobile m, NetState ns)
   at Server.Mobile.ProcessDelta()
   at Server.Mobile.ProcessDeltaQueue()
   at Server.Core.Main(String[] args)


# 4/2/2015 10:34:25 PM
   at Server.Mobile.Delta(MobileDelta flag)
   at Server.Mobiles.PlayerMobile.Delta(MobileDelta flag)
   at Server.Skills.OnSkillChange(Skill skill)
   at Server.Mobile.ValidateSkillMods()
   at Server.Mobile.RemoveSkillMod(SkillMod mod)
   at Server.Mobile.InternalRemoveSkillMod(SkillMod mod)
   at Server.Mobile.ValidateSkillMods()
   at Server.Mobile.RemoveSkillMod(SkillMod mod)
   at Server.Mobile.InternalRemoveSkillMod(SkillMod mod)
   at Server.Mobile.ValidateSkillMods()
   at Server.Mobile.RemoveSkillMod(SkillMod mod)
   at Server.Mobile.InternalRemoveSkillMod(SkillMod mod)
   at Server.Mobile.ValidateSkillMods()
   at Server.Mobile.RemoveSkillMod(SkillMod mod)
   at Server.Mobile.InternalRemoveSkillMod(SkillMod mod)
   at Server.Mobile.ValidateSkillMods()
   at Server.Mobile.RemoveSkillMod(SkillMod mod)
   at Server.Mobile.InternalRemoveSkillMod(SkillMod mod)
   at Server.Mobile.ValidateSkillMods()
   at Server.Mobile.RemoveSkillMod(SkillMod mod)
   at Server.Mobile.InternalRemoveSkillMod(SkillMod mod)
   at Server.Mobile.ValidateSkillMods()
   at Server.Mobile.RemoveSkillMod(SkillMod mod)
   at Server.Mobile.InternalRemoveSkillMod(SkillMod mod)
   at Server.Mobile.ValidateSkillMods()
   at Server.Mobile.RemoveSkillMod(SkillMod mod)
   at Server.Mobile.InternalRemoveSkillMod(SkillMod mod)
   at Server.Mobile.ValidateSkillMods()
   at Server.Mobile.RemoveSkillMod(SkillMod mod)
   at Server.Mobile.InternalRemoveSkillMod(SkillMod mod)
   at Server.Mobile.ValidateSkillMods()
   at Server.Mobile.RemoveSkillMod(SkillMod mod)
   at Server.Mobile.InternalRemoveSkillMod(SkillMod mod)
   at Server.Mobile.ValidateSkillMods()
   at Server.Mobile.RemoveSkillMod(SkillMod mod)
   at Server.Mobile.InternalRemoveSkillMod(SkillMod mod)
   at Server.Mobile.ValidateSkillMods()
   at Server.Mobile.RemoveSkillMod(SkillMod mod)
   at Server.Mobile.InternalRemoveSkillMod(SkillMod mod)
   at Server.Mobile.ValidateSkillMods()
   at Server.Mobile.RemoveSkillMod(SkillMod mod)
   at Server.Mobile.InternalRemoveSkillMod(SkillMod mod)
   at Server.Mobile.ValidateSkillMods()
   at Server.Mobile.RemoveSkillMod(SkillMod mod)
   at Server.Mobile.InternalRemoveSkillMod(SkillMod mod)
   at Server.Mobile.ValidateSkillMods()
   at Server.Mobile.RemoveSkillMod(SkillMod mod)
   at Server.Mobile.InternalRemoveSkillMod(SkillMod mod)
   at Server.Mobile.ValidateSkillMods()
   at Server.Mobile.RemoveSkillMod(SkillMod mod)
   at Server.Mobile.InternalRemoveSkillMod(SkillMod mod)
   at Server.Mobile.ValidateSkillMods()
   at Server.Mobile.RemoveSkillMod(SkillMod mod)
   at Server.Mobile.InternalRemoveSkillMod(SkillMod mod)
   at Server.Mobile.ValidateSkillMods()
   at Server.Mobile.RemoveSkillMod(SkillMod mod)
   at Server.Mobile.InternalRemoveSkillMod(SkillMod mod)
   at Server.Mobile.ValidateSkillMods()
   at Server.Mobile.RemoveSkillMod(SkillMod mod)
   at Server.Mobile.InternalRemoveSkillMod(SkillMod mod)
   at Server.Mobile.ValidateSkillMods()
   at Server.Mobile.RemoveSkillMod(SkillMod mod)
   at Server.Mobile.InternalRemoveSkillMod(SkillMod mod)
   at Server.Mobile.ValidateSkillMods()
   at Server.Mobile.RemoveSkillMod(SkillMod mod)
   at Server.Mobile.InternalRemoveSkillMod(SkillMod mod)
   at Server.Mobile.ValidateSkillMods()
   at Server.Mobile.RemoveSkillMod(SkillMod mod)
   at Server.Mobile.InternalRemoveSkillMod(SkillMod mod)
   at Server.Mobile.ValidateSkillMods()
   at Server.Mobile.RemoveSkillMod(SkillMod mod)
   at Server.Mobile.InternalRemoveSkillMod(SkillMod mod)
   at Server.Mobile.ValidateSkillMods()
   at Server.Mobile.RemoveSkillMod(SkillMod mod)
   at Server.Mobile.InternalRemoveSkillMod(SkillMod mod)
   at Server.Mobile.ValidateSkillMods()
   at Server.Mobile.RemoveSkillMod(SkillMod mod)
   at Server.Mobile.InternalRemoveSkillMod(SkillMod mod)
   at Server.Mobile.ValidateSkillMods()
   at Server.Mobile.RemoveSkillMod(SkillMod mod)
   at Server.Mobile.InternalRemoveSkillMod(SkillMod mod)
   at Server.Mobile.ValidateSkillMods()
   at Server.Skill.get_NonRacialValue()
   at Server.Skill.get_Value()
   at Server.Items.BaseWeapon.ScaleDamageAOS(Mobile attacker, Double damage, Boolean checkSkills)
   at Server.Items.BaseWeapon.GetStatusDamage(Mobile from, Int32& min, Int32& max)
   at Server.Network.MobileStatusExtended..ctor(Mobile m, NetState ns)
   at Server.Mobile.ProcessDelta()
   at Server.Mobile.ProcessDeltaQueue()
   at Server.Core.Main(String[] args)


# 4/3/2015 5:01:32 PM
   at Server.Mobile.Delta(MobileDelta flag)
   at Server.Mobiles.PlayerMobile.Delta(MobileDelta flag)
   at Server.Mobile.GetStatOffset(StatType type)
   at Server.Mobiles.PlayerMobile.get_HitsMax()
   at Server.Network.MobileStatusExtended..ctor(Mobile m, NetState ns)
   at Server.Mobile.ProcessDelta()
   at Server.Mobile.ProcessDeltaQueue()
   at Server.Core.Main(String[] args)


# 4/4/2015 2:09:38 AM
   at Server.Mobile.Delta(MobileDelta flag)
   at Server.Mobiles.PlayerMobile.Delta(MobileDelta flag)
   at Server.Skills.OnSkillChange(Skill skill)
   at Server.Mobile.ValidateSkillMods()
   at Server.Mobile.RemoveSkillMod(SkillMod mod)
   at Server.Mobile.InternalRemoveSkillMod(SkillMod mod)
   at Server.Mobile.ValidateSkillMods()
   at Server.Mobile.RemoveSkillMod(SkillMod mod)
   at Server.Mobile.InternalRemoveSkillMod(SkillMod mod)
   at Server.Mobile.ValidateSkillMods()
   at Server.Mobile.RemoveSkillMod(SkillMod mod)
   at Server.Mobile.InternalRemoveSkillMod(SkillMod mod)
   at Server.Mobile.ValidateSkillMods()
   at Server.Mobile.RemoveSkillMod(SkillMod mod)
   at Server.Mobile.InternalRemoveSkillMod(SkillMod mod)
   at Server.Mobile.ValidateSkillMods()
   at Server.Mobile.RemoveSkillMod(SkillMod mod)
   at Server.Mobile.InternalRemoveSkillMod(SkillMod mod)
   at Server.Mobile.ValidateSkillMods()
   at Server.Mobile.RemoveSkillMod(SkillMod mod)
   at Server.Mobile.InternalRemoveSkillMod(SkillMod mod)
   at Server.Mobile.ValidateSkillMods()
   at Server.Mobile.RemoveSkillMod(SkillMod mod)
   at Server.Mobile.InternalRemoveSkillMod(SkillMod mod)
   at Server.Mobile.ValidateSkillMods()
   at Server.Mobile.RemoveSkillMod(SkillMod mod)
   at Server.Mobile.InternalRemoveSkillMod(SkillMod mod)
   at Server.Mobile.ValidateSkillMods()
   at Server.Mobile.RemoveSkillMod(SkillMod mod)
   at Server.Mobile.InternalRemoveSkillMod(SkillMod mod)
   at Server.Mobile.ValidateSkillMods()
   at Server.Mobile.RemoveSkillMod(SkillMod mod)
   at Server.Mobile.InternalRemoveSkillMod(SkillMod mod)
   at Server.Mobile.ValidateSkillMods()
   at Server.Mobile.RemoveSkillMod(SkillMod mod)
   at Server.Mobile.InternalRemoveSkillMod(SkillMod mod)
   at Server.Mobile.ValidateSkillMods()
   at Server.Mobile.RemoveSkillMod(SkillMod mod)
   at Server.Mobile.InternalRemoveSkillMod(SkillMod mod)
   at Server.Mobile.ValidateSkillMods()
   at Server.Mobile.RemoveSkillMod(SkillMod mod)
   at Server.Mobile.InternalRemoveSkillMod(SkillMod mod)
   at Server.Mobile.ValidateSkillMods()
   at Server.Mobile.RemoveSkillMod(SkillMod mod)
   at Server.Mobile.InternalRemoveSkillMod(SkillMod mod)
   at Server.Mobile.ValidateSkillMods()
   at Server.Mobile.RemoveSkillMod(SkillMod mod)
   at Server.Mobile.InternalRemoveSkillMod(SkillMod mod)
   at Server.Mobile.ValidateSkillMods()
   at Server.Mobile.RemoveSkillMod(SkillMod mod)
   at Server.Mobile.InternalRemoveSkillMod(SkillMod mod)
   at Server.Mobile.ValidateSkillMods()
   at Server.Mobile.RemoveSkillMod(SkillMod mod)
   at Server.Mobile.InternalRemoveSkillMod(SkillMod mod)
   at Server.Mobile.ValidateSkillMods()
   at Server.Mobile.RemoveSkillMod(SkillMod mod)
   at Server.Mobile.InternalRemoveSkillMod(SkillMod mod)
   at Server.Mobile.ValidateSkillMods()
   at Server.Mobile.RemoveSkillMod(SkillMod mod)
   at Server.Mobile.InternalRemoveSkillMod(SkillMod mod)
   at Server.Mobile.ValidateSkillMods()
   at Server.Mobile.RemoveSkillMod(SkillMod mod)
   at Server.Mobile.InternalRemoveSkillMod(SkillMod mod)
   at Server.Mobile.ValidateSkillMods()
   at Server.Mobile.RemoveSkillMod(SkillMod mod)
   at Server.Mobile.InternalRemoveSkillMod(SkillMod mod)
   at Server.Mobile.ValidateSkillMods()
   at Server.Mobile.RemoveSkillMod(SkillMod mod)
   at Server.Mobile.InternalRemoveSkillMod(SkillMod mod)
   at Server.Mobile.ValidateSkillMods()
   at Server.Mobile.RemoveSkillMod(SkillMod mod)
   at Server.Mobile.InternalRemoveSkillMod(SkillMod mod)
   at Server.Mobile.ValidateSkillMods()
   at Server.Mobile.RemoveSkillMod(SkillMod mod)
   at Server.Mobile.InternalRemoveSkillMod(SkillMod mod)
   at Server.Mobile.ValidateSkillMods()
   at Server.Mobile.RemoveSkillMod(SkillMod mod)
   at Server.Mobile.InternalRemoveSkillMod(SkillMod mod)
   at Server.Mobile.ValidateSkillMods()
   at Server.Mobile.RemoveSkillMod(SkillMod mod)
   at Server.Mobile.InternalRemoveSkillMod(SkillMod mod)
   at Server.Mobile.ValidateSkillMods()
   at Server.Skill.get_NonRacialValue()
   at Server.Skill.get_Value()
   at Server.Items.BaseWeapon.ScaleDamageAOS(Mobile attacker, Double damage, Boolean checkSkills)
   at Server.Items.BaseWeapon.GetStatusDamage(Mobile from, Int32& min, Int32& max)
   at Server.Network.MobileStatusExtended..ctor(Mobile m, NetState ns)
   at Server.Mobile.ProcessDelta()
   at Server.Mobile.ProcessDeltaQueue()
   at Server.Core.Main(String[] args)


# 4/14/2015 12:55:00 AM
   at Server.Mobile.Delta(MobileDelta flag)
   at Server.Mobiles.PlayerMobile.Delta(MobileDelta flag)
   at Server.Mobile.GetStatOffset(StatType type)
   at Server.Mobiles.PlayerMobile.get_Dex()
   at Server.Mobiles.PlayerMobile.get_StamMax()
   at Server.Network.MobileStam..ctor(Mobile m)
   at Server.Mobile.ProcessDelta()
   at Server.Mobile.ProcessDeltaQueue()
   at Server.Core.Main(String[] args)


